# yersinia v0.7.2-svn started in asustar on Tue Apr 10 14:56:17 2012


 eth0 iflinkname EN10MB
 eth0 iflinkdesc Ethernet
 eth0 MAC = 0013.d499.50e2

 usbmon1 iflinkname USB_LINUX_MMAPPE
 usbmon1 iflinkdesc USB with padded 
libnet_init failed on usbmon1 -> libnet_check_iface() ioctl: No such device


 usbmon2 iflinkname USB_LINUX_MMAPPE
 usbmon2 iflinkdesc USB with padded 
libnet_init failed on usbmon2 -> libnet_check_iface() ioctl: No such device


 usbmon3 iflinkname USB_LINUX_MMAPPE
 usbmon3 iflinkdesc USB with padded 
libnet_init failed on usbmon3 -> libnet_check_iface() ioctl: No such device


 usbmon4 iflinkname USB_LINUX_MMAPPE
 usbmon4 iflinkdesc USB with padded 
libnet_init failed on usbmon4 -> libnet_check_iface() ioctl: No such device

 g00dbye function called from -1233475584

 th_uptime thread = -1241871552

 ints_destroy started...
 ints_destroy killing pcap_listener(-1233482944)...

 thread_destroy -1233475584 destroying -1233482944...
 thread_destroy -1233475584 after PTHREAD_JOIN -1233482944...
 ints_destroy finished...
 Showing MOTD..
# yersinia finished on Tue Apr 10 14:56:18 2012

# yersinia v0.7.2-svn started in asustar on Tue Apr 10 14:56:22 2012


 eth0 iflinkname EN10MB
 eth0 iflinkdesc Ethernet
 eth0 MAC = 0013.d499.50e2

 usbmon1 iflinkname USB_LINUX_MMAPPE
 usbmon1 iflinkdesc USB with padded 
libnet_init failed on usbmon1 -> libnet_check_iface() ioctl: No such device


 usbmon2 iflinkname USB_LINUX_MMAPPE
 usbmon2 iflinkdesc USB with padded 
libnet_init failed on usbmon2 -> libnet_check_iface() ioctl: No such device


 usbmon3 iflinkname USB_LINUX_MMAPPE
 usbmon3 iflinkdesc USB with padded 
libnet_init failed on usbmon3 -> libnet_check_iface() ioctl: No such device


 usbmon4 iflinkname USB_LINUX_MMAPPE
 usbmon4 iflinkdesc USB with padded 
libnet_init failed on usbmon4 -> libnet_check_iface() ioctl: No such device


 th_uptime thread = -1240974528

 gtk_gui_th = -1249363136
 eth0 libnet_handler B4FA6170
Error in gtk_tree_view_get_model
